d:\vs2015-practice\qtguiapplication1\qtguiapplication1\x64\debug\curvedlayer.obj
d:\vs2015-practice\qtguiapplication1\qtguiapplication1\x64\debug\qtguiapplication1.obj
d:\vs2015-practice\qtguiapplication1\qtguiapplication1\x64\debug\test2.obj
d:\vs2015-practice\qtguiapplication1\qtguiapplication1\x64\debug\moc_toollayerdialog.obj
d:\vs2015-practice\qtguiapplication1\qtguiapplication1\x64\debug\moc_outlinedialog.obj
d:\vs2015-practice\qtguiapplication1\qtguiapplication1\x64\debug\moc_gcodedialog.obj
d:\vs2015-practice\qtguiapplication1\qtguiapplication1\x64\debug\gcodedialog.obj
d:\vs2015-practice\qtguiapplication1\qtguiapplication1\x64\debug\growthlinevariouslayerdialog.obj
d:\vs2015-practice\qtguiapplication1\qtguiapplication1\x64\debug\robotdialog.obj
d:\vs2015-practice\qtguiapplication1\qtguiapplication1\x64\debug\toollayerdialog.obj
d:\vs2015-practice\qtguiapplication1\qtguiapplication1\x64\debug\weldingtorch.obj
d:\vs2015-practice\qtguiapplication1\qtguiapplication1\x64\debug\moc_zigzagdialog.obj
d:\vs2015-practice\qtguiapplication1\qtguiapplication1\x64\debug\moc_test2.obj
d:\vs2015-practice\qtguiapplication1\qtguiapplication1\x64\debug\growthlinelayerdialog.obj
d:\vs2015-practice\qtguiapplication1\qtguiapplication1\x64\debug\main.obj
d:\vs2015-practice\qtguiapplication1\qtguiapplication1\x64\debug\zigzagdialog.obj
d:\vs2015-practice\qtguiapplication1\qtguiapplication1\x64\debug\qrc_testnew.obj
d:\vs2015-practice\qtguiapplication1\qtguiapplication1\x64\debug\moc_qtguiapplication1.obj
d:\vs2015-practice\qtguiapplication1\qtguiapplication1\x64\debug\moc_voxelizatipondialog.obj
d:\vs2015-practice\qtguiapplication1\qtguiapplication1\x64\debug\moc_robotdialog.obj
d:\vs2015-practice\qtguiapplication1\qtguiapplication1\x64\debug\moc_growthlinelayerdialog.obj
d:\vs2015-practice\qtguiapplication1\qtguiapplication1\x64\debug\3drepresentation.obj
d:\vs2015-practice\qtguiapplication1\qtguiapplication1\x64\debug\outlinedialog.obj
d:\vs2015-practice\qtguiapplication1\qtguiapplication1\x64\debug\testnew.obj
d:\vs2015-practice\qtguiapplication1\qtguiapplication1\x64\debug\voxelizatipondialog.obj
d:\vs2015-practice\qtguiapplication1\qtguiapplication1\x64\debug\zlinescan.obj
d:\vs2015-practice\qtguiapplication1\qtguiapplication1\x64\debug\moc_testnew.obj
d:\vs2015-practice\qtguiapplication1\qtguiapplication1\x64\debug\moc_growthlinevariouslayerdialog.obj
d:\vs2015-practice\qtguiapplication1\qtguiapplication1\x64\debug\vc140.pdb
d:\vs2015-practice\qtguiapplication1\x64\debug\qtguiapplication1.ilk
d:\vs2015-practice\qtguiapplication1\x64\debug\qtguiapplication1.exe
d:\vs2015-practice\qtguiapplication1\x64\debug\qtguiapplication1.pdb
d:\vs2015-practice\qtguiapplication1\qtguiapplication1\.\generatedfiles\debug\moc_qtguiapplication1.cpp
d:\vs2015-practice\qtguiapplication1\qtguiapplication1\.\generatedfiles\debug\moc_zigzagdialog.cpp
d:\vs2015-practice\qtguiapplication1\qtguiapplication1\.\generatedfiles\debug\moc_voxelizatipondialog.cpp
d:\vs2015-practice\qtguiapplication1\qtguiapplication1\.\generatedfiles\debug\moc_toollayerdialog.cpp
d:\vs2015-practice\qtguiapplication1\qtguiapplication1\.\generatedfiles\debug\moc_testnew.cpp
d:\vs2015-practice\qtguiapplication1\qtguiapplication1\.\generatedfiles\debug\moc_test2.cpp
d:\vs2015-practice\qtguiapplication1\qtguiapplication1\.\generatedfiles\debug\moc_robotdialog.cpp
d:\vs2015-practice\qtguiapplication1\qtguiapplication1\.\generatedfiles\debug\moc_outlinedialog.cpp
d:\vs2015-practice\qtguiapplication1\qtguiapplication1\.\generatedfiles\debug\moc_growthlinevariouslayerdialog.cpp
d:\vs2015-practice\qtguiapplication1\qtguiapplication1\.\generatedfiles\debug\moc_growthlinelayerdialog.cpp
d:\vs2015-practice\qtguiapplication1\qtguiapplication1\.\generatedfiles\debug\moc_gcodedialog.cpp
d:\vs2015-practice\qtguiapplication1\qtguiapplication1\generatedfiles\ui_gcodedialog.h
d:\vs2015-practice\qtguiapplication1\qtguiapplication1\generatedfiles\ui_growthlinelayerdialog.h
d:\vs2015-practice\qtguiapplication1\qtguiapplication1\generatedfiles\ui_growthlinevariouslayerdialog.h
d:\vs2015-practice\qtguiapplication1\qtguiapplication1\generatedfiles\ui_outlinedialog.h
d:\vs2015-practice\qtguiapplication1\qtguiapplication1\generatedfiles\ui_qtguiapplication1.h
d:\vs2015-practice\qtguiapplication1\qtguiapplication1\generatedfiles\ui_robotdialog.h
d:\vs2015-practice\qtguiapplication1\qtguiapplication1\generatedfiles\ui_test2.h
d:\vs2015-practice\qtguiapplication1\qtguiapplication1\generatedfiles\ui_testnew.h
d:\vs2015-practice\qtguiapplication1\qtguiapplication1\generatedfiles\ui_toollayerdialog.h
d:\vs2015-practice\qtguiapplication1\qtguiapplication1\generatedfiles\ui_voxelizatipondialog.h
d:\vs2015-practice\qtguiapplication1\qtguiapplication1\generatedfiles\ui_zigzagdialog.h
d:\vs2015-practice\qtguiapplication1\qtguiapplication1\generatedfiles\qrc_testnew.cpp
d:\vs2015-practice\qtguiapplication1\qtguiapplication1\generatedfiles\debug\moc_qtguiapplication1.cpp
d:\vs2015-practice\qtguiapplication1\qtguiapplication1\generatedfiles\debug\moc_zigzagdialog.cpp
d:\vs2015-practice\qtguiapplication1\qtguiapplication1\generatedfiles\debug\moc_voxelizatipondialog.cpp
d:\vs2015-practice\qtguiapplication1\qtguiapplication1\generatedfiles\debug\moc_toollayerdialog.cpp
d:\vs2015-practice\qtguiapplication1\qtguiapplication1\generatedfiles\debug\moc_testnew.cpp
d:\vs2015-practice\qtguiapplication1\qtguiapplication1\generatedfiles\debug\moc_test2.cpp
d:\vs2015-practice\qtguiapplication1\qtguiapplication1\generatedfiles\debug\moc_robotdialog.cpp
d:\vs2015-practice\qtguiapplication1\qtguiapplication1\generatedfiles\debug\moc_outlinedialog.cpp
d:\vs2015-practice\qtguiapplication1\qtguiapplication1\generatedfiles\debug\moc_growthlinevariouslayerdialog.cpp
d:\vs2015-practice\qtguiapplication1\qtguiapplication1\generatedfiles\debug\moc_growthlinelayerdialog.cpp
d:\vs2015-practice\qtguiapplication1\qtguiapplication1\generatedfiles\debug\moc_gcodedialog.cpp
d:\vs2015-practice\qtguiapplication1\qtguiapplication1\.\generatedfiles\qrc_testnew.cpp
d:\vs2015-practice\qtguiapplication1\qtguiapplication1\.\generatedfiles\ui_gcodedialog.h
d:\vs2015-practice\qtguiapplication1\qtguiapplication1\.\generatedfiles\ui_growthlinelayerdialog.h
d:\vs2015-practice\qtguiapplication1\qtguiapplication1\.\generatedfiles\ui_growthlinevariouslayerdialog.h
d:\vs2015-practice\qtguiapplication1\qtguiapplication1\.\generatedfiles\ui_outlinedialog.h
d:\vs2015-practice\qtguiapplication1\qtguiapplication1\.\generatedfiles\ui_qtguiapplication1.h
d:\vs2015-practice\qtguiapplication1\qtguiapplication1\.\generatedfiles\ui_robotdialog.h
d:\vs2015-practice\qtguiapplication1\qtguiapplication1\.\generatedfiles\ui_test2.h
d:\vs2015-practice\qtguiapplication1\qtguiapplication1\.\generatedfiles\ui_testnew.h
d:\vs2015-practice\qtguiapplication1\qtguiapplication1\.\generatedfiles\ui_toollayerdialog.h
d:\vs2015-practice\qtguiapplication1\qtguiapplication1\.\generatedfiles\ui_voxelizatipondialog.h
d:\vs2015-practice\qtguiapplication1\qtguiapplication1\.\generatedfiles\ui_zigzagdialog.h
d:\vs2015-practice\qtguiapplication1\qtguiapplication1\x64\debug\qtguiapp.b12702ad.tlog\cl.command.1.tlog
d:\vs2015-practice\qtguiapplication1\qtguiapplication1\x64\debug\qtguiapp.b12702ad.tlog\cl.read.1.tlog
d:\vs2015-practice\qtguiapplication1\qtguiapplication1\x64\debug\qtguiapp.b12702ad.tlog\cl.write.1.tlog
d:\vs2015-practice\qtguiapplication1\qtguiapplication1\x64\debug\qtguiapp.b12702ad.tlog\link.command.1.tlog
d:\vs2015-practice\qtguiapplication1\qtguiapplication1\x64\debug\qtguiapp.b12702ad.tlog\link.read.1.tlog
d:\vs2015-practice\qtguiapplication1\qtguiapplication1\x64\debug\qtguiapp.b12702ad.tlog\link.write.1.tlog
d:\vs2015-practice\qtguiapplication1\qtguiapplication1\x64\debug\qtguiapp.b12702ad.tlog\moc.read.1u.tlog
d:\vs2015-practice\qtguiapplication1\qtguiapplication1\x64\debug\qtguiapp.b12702ad.tlog\moc.write.1u.tlog
d:\vs2015-practice\qtguiapplication1\qtguiapplication1\x64\debug\qtguiapp.b12702ad.tlog\qtguiapplication1.write.1u.tlog
d:\vs2015-practice\qtguiapplication1\qtguiapplication1\x64\debug\qtguiapp.b12702ad.tlog\rcc.read.1u.tlog
d:\vs2015-practice\qtguiapplication1\qtguiapplication1\x64\debug\qtguiapp.b12702ad.tlog\rcc.write.1u.tlog
d:\vs2015-practice\qtguiapplication1\qtguiapplication1\x64\debug\qtguiapp.b12702ad.tlog\uic.read.1u.tlog
d:\vs2015-practice\qtguiapplication1\qtguiapplication1\x64\debug\qtguiapp.b12702ad.tlog\uic.write.1u.tlog
